<?xml version="1.0" encoding="UTF-8"?>
<testsuite xmlns:xsi="http://www.w3.org/2001/XMLSchema-instance" xsi:noNamespaceSchemaLocation="https://maven.apache.org/surefire/maven-surefire-plugin/xsd/surefire-test-report.xsd" name="praktikum.orderTests.GetOrdersTest" time="8.269" tests="5" errors="4" skipped="0" failures="0">
  <properties>
    <property name="gopherProxySet" value="false"/>
    <property name="awt.toolkit" value="sun.lwawt.macosx.LWCToolkit"/>
    <property name="java.specification.version" value="11"/>
    <property name="sun.cpu.isalist" value=""/>
    <property name="sun.jnu.encoding" value="UTF-8"/>
    <property name="java.class.path" value="/Users/marinatarasova/Desktop/Study/Diplom/Diplom_2/target/test-classes:/Users/marinatarasova/Desktop/Study/Diplom/Diplom_2/target/classes:/Users/marinatarasova/.m2/repository/org/slf4j/slf4j-nop/2.0.5/slf4j-nop-2.0.5.jar:/Users/marinatarasova/.m2/repository/org/slf4j/slf4j-api/2.0.5/slf4j-api-2.0.5.jar:/Users/marinatarasova/.m2/repository/io/rest-assured/rest-assured/5.3.0/rest-assured-5.3.0.jar:/Users/marinatarasova/.m2/repository/org/apache/groovy/groovy/4.0.6/groovy-4.0.6.jar:/Users/marinatarasova/.m2/repository/org/apache/groovy/groovy-xml/4.0.6/groovy-xml-4.0.6.jar:/Users/marinatarasova/.m2/repository/org/apache/httpcomponents/httpclient/4.5.13/httpclient-4.5.13.jar:/Users/marinatarasova/.m2/repository/org/apache/httpcomponents/httpcore/4.4.13/httpcore-4.4.13.jar:/Users/marinatarasova/.m2/repository/commons-logging/commons-logging/1.2/commons-logging-1.2.jar:/Users/marinatarasova/.m2/repository/commons-codec/commons-codec/1.11/commons-codec-1.11.jar:/Users/marinatarasova/.m2/repository/org/apache/httpcomponents/httpmime/4.5.13/httpmime-4.5.13.jar:/Users/marinatarasova/.m2/repository/org/hamcrest/hamcrest/2.1/hamcrest-2.1.jar:/Users/marinatarasova/.m2/repository/org/ccil/cowan/tagsoup/tagsoup/1.2.1/tagsoup-1.2.1.jar:/Users/marinatarasova/.m2/repository/io/rest-assured/json-path/5.3.0/json-path-5.3.0.jar:/Users/marinatarasova/.m2/repository/org/apache/groovy/groovy-json/4.0.6/groovy-json-4.0.6.jar:/Users/marinatarasova/.m2/repository/io/rest-assured/rest-assured-common/5.3.0/rest-assured-common-5.3.0.jar:/Users/marinatarasova/.m2/repository/io/rest-assured/xml-path/5.3.0/xml-path-5.3.0.jar:/Users/marinatarasova/.m2/repository/org/apache/commons/commons-lang3/3.11/commons-lang3-3.11.jar:/Users/marinatarasova/.m2/repository/com/google/code/gson/gson/2.10.1/gson-2.10.1.jar:/Users/marinatarasova/.m2/repository/io/qameta/allure/allure-junit4/2.20.0/allure-junit4-2.20.0.jar:/Users/marinatarasova/.m2/repository/io/qameta/allure/allure-java-commons/2.20.0/allure-java-commons-2.20.0.jar:/Users/marinatarasova/.m2/repository/io/qameta/allure/allure-model/2.20.0/allure-model-2.20.0.jar:/Users/marinatarasova/.m2/repository/io/qameta/allure/allure-rest-assured/2.20.0/allure-rest-assured-2.20.0.jar:/Users/marinatarasova/.m2/repository/io/qameta/allure/allure-attachments/2.20.0/allure-attachments-2.20.0.jar:/Users/marinatarasova/.m2/repository/org/freemarker/freemarker/2.3.31/freemarker-2.3.31.jar:/Users/marinatarasova/.m2/repository/junit/junit/4.13.2/junit-4.13.2.jar:/Users/marinatarasova/.m2/repository/org/hamcrest/hamcrest-core/1.3/hamcrest-core-1.3.jar:"/>
    <property name="java.vm.vendor" value="Amazon.com Inc."/>
    <property name="sun.arch.data.model" value="64"/>
    <property name="java.vendor.url" value="https://aws.amazon.com/corretto/"/>
    <property name="user.timezone" value=""/>
    <property name="java.vm.specification.version" value="11"/>
    <property name="os.name" value="Mac OS X"/>
    <property name="sun.java.launcher" value="SUN_STANDARD"/>
    <property name="user.country" value="RU"/>
    <property name="sun.boot.library.path" value="/Library/Java/JavaVirtualMachines/amazon-corretto-11.jdk/Contents/Home/lib"/>
    <property name="sun.java.command" value="/Users/marinatarasova/Desktop/Study/Diplom/Diplom_2/target/surefire/surefirebooter5043710523314988051.jar /Users/marinatarasova/Desktop/Study/Diplom/Diplom_2/target/surefire 2023-01-15T18-44-53_092-jvmRun1 surefire16024860527491283060tmp surefire_08543617228099458284tmp"/>
    <property name="http.nonProxyHosts" value="local|*.local|169.254/16|*.169.254/16"/>
    <property name="jdk.debug" value="release"/>
    <property name="surefire.test.class.path" value="/Users/marinatarasova/Desktop/Study/Diplom/Diplom_2/target/test-classes:/Users/marinatarasova/Desktop/Study/Diplom/Diplom_2/target/classes:/Users/marinatarasova/.m2/repository/org/slf4j/slf4j-nop/2.0.5/slf4j-nop-2.0.5.jar:/Users/marinatarasova/.m2/repository/org/slf4j/slf4j-api/2.0.5/slf4j-api-2.0.5.jar:/Users/marinatarasova/.m2/repository/io/rest-assured/rest-assured/5.3.0/rest-assured-5.3.0.jar:/Users/marinatarasova/.m2/repository/org/apache/groovy/groovy/4.0.6/groovy-4.0.6.jar:/Users/marinatarasova/.m2/repository/org/apache/groovy/groovy-xml/4.0.6/groovy-xml-4.0.6.jar:/Users/marinatarasova/.m2/repository/org/apache/httpcomponents/httpclient/4.5.13/httpclient-4.5.13.jar:/Users/marinatarasova/.m2/repository/org/apache/httpcomponents/httpcore/4.4.13/httpcore-4.4.13.jar:/Users/marinatarasova/.m2/repository/commons-logging/commons-logging/1.2/commons-logging-1.2.jar:/Users/marinatarasova/.m2/repository/commons-codec/commons-codec/1.11/commons-codec-1.11.jar:/Users/marinatarasova/.m2/repository/org/apache/httpcomponents/httpmime/4.5.13/httpmime-4.5.13.jar:/Users/marinatarasova/.m2/repository/org/hamcrest/hamcrest/2.1/hamcrest-2.1.jar:/Users/marinatarasova/.m2/repository/org/ccil/cowan/tagsoup/tagsoup/1.2.1/tagsoup-1.2.1.jar:/Users/marinatarasova/.m2/repository/io/rest-assured/json-path/5.3.0/json-path-5.3.0.jar:/Users/marinatarasova/.m2/repository/org/apache/groovy/groovy-json/4.0.6/groovy-json-4.0.6.jar:/Users/marinatarasova/.m2/repository/io/rest-assured/rest-assured-common/5.3.0/rest-assured-common-5.3.0.jar:/Users/marinatarasova/.m2/repository/io/rest-assured/xml-path/5.3.0/xml-path-5.3.0.jar:/Users/marinatarasova/.m2/repository/org/apache/commons/commons-lang3/3.11/commons-lang3-3.11.jar:/Users/marinatarasova/.m2/repository/com/google/code/gson/gson/2.10.1/gson-2.10.1.jar:/Users/marinatarasova/.m2/repository/io/qameta/allure/allure-junit4/2.20.0/allure-junit4-2.20.0.jar:/Users/marinatarasova/.m2/repository/io/qameta/allure/allure-java-commons/2.20.0/allure-java-commons-2.20.0.jar:/Users/marinatarasova/.m2/repository/io/qameta/allure/allure-model/2.20.0/allure-model-2.20.0.jar:/Users/marinatarasova/.m2/repository/io/qameta/allure/allure-rest-assured/2.20.0/allure-rest-assured-2.20.0.jar:/Users/marinatarasova/.m2/repository/io/qameta/allure/allure-attachments/2.20.0/allure-attachments-2.20.0.jar:/Users/marinatarasova/.m2/repository/org/freemarker/freemarker/2.3.31/freemarker-2.3.31.jar:/Users/marinatarasova/.m2/repository/junit/junit/4.13.2/junit-4.13.2.jar:/Users/marinatarasova/.m2/repository/org/hamcrest/hamcrest-core/1.3/hamcrest-core-1.3.jar:"/>
    <property name="sun.cpu.endian" value="little"/>
    <property name="allure.results.directory" value="/Users/marinatarasova/Desktop/Study/Diplom/Diplom_2/target/allure-results"/>
    <property name="user.home" value="/Users/marinatarasova"/>
    <property name="user.language" value="en"/>
    <property name="java.specification.vendor" value="Oracle Corporation"/>
    <property name="java.version.date" value="2022-07-19"/>
    <property name="java.home" value="/Library/Java/JavaVirtualMachines/amazon-corretto-11.jdk/Contents/Home"/>
    <property name="file.separator" value="/"/>
    <property name="basedir" value="/Users/marinatarasova/Desktop/Study/Diplom/Diplom_2"/>
    <property name="java.vm.compressedOopsMode" value="Zero based"/>
    <property name="line.separator" value="&#10;"/>
    <property name="java.specification.name" value="Java Platform API Specification"/>
    <property name="java.vm.specification.vendor" value="Oracle Corporation"/>
    <property name="java.awt.graphicsenv" value="sun.awt.CGraphicsEnvironment"/>
    <property name="surefire.real.class.path" value="/Users/marinatarasova/Desktop/Study/Diplom/Diplom_2/target/surefire/surefirebooter5043710523314988051.jar"/>
    <property name="sun.management.compiler" value="HotSpot 64-Bit Tiered Compilers"/>
    <property name="ftp.nonProxyHosts" value="local|*.local|169.254/16|*.169.254/16"/>
    <property name="java.runtime.version" value="11.0.16+8-LTS"/>
    <property name="user.name" value="marinatarasova"/>
    <property name="path.separator" value=":"/>
    <property name="os.version" value="13.1"/>
    <property name="java.runtime.name" value="OpenJDK Runtime Environment"/>
    <property name="file.encoding" value="UTF-8"/>
    <property name="java.vm.name" value="OpenJDK 64-Bit Server VM"/>
    <property name="java.vendor.version" value="Corretto-11.0.16.8.1"/>
    <property name="localRepository" value="/Users/marinatarasova/.m2/repository"/>
    <property name="java.vendor.url.bug" value="https://github.com/corretto/corretto-11/issues/"/>
    <property name="java.io.tmpdir" value="/var/folders/c5/__74kzf919x4ktw7z1jktsc40000gn/T/"/>
    <property name="idea.version" value="2022.1.4"/>
    <property name="java.version" value="11.0.16"/>
    <property name="user.dir" value="/Users/marinatarasova/Desktop/Study/Diplom/Diplom_2"/>
    <property name="os.arch" value="x86_64"/>
    <property name="java.vm.specification.name" value="Java Virtual Machine Specification"/>
    <property name="java.awt.printerjob" value="sun.lwawt.macosx.CPrinterJob"/>
    <property name="sun.os.patch.level" value="unknown"/>
    <property name="java.library.path" value="/Users/marinatarasova/Library/Java/Extensions:/Library/Java/Extensions:/Network/Library/Java/Extensions:/System/Library/Java/Extensions:/usr/lib/java:."/>
    <property name="java.vm.info" value="mixed mode"/>
    <property name="java.vendor" value="Amazon.com Inc."/>
    <property name="java.vm.version" value="11.0.16+8-LTS"/>
    <property name="sun.io.unicode.encoding" value="UnicodeBig"/>
    <property name="java.class.version" value="55.0"/>
    <property name="socksNonProxyHosts" value="local|*.local|169.254/16|*.169.254/16"/>
  </properties>
  <testcase name="getAllOrders" classname="praktikum.orderTests.GetOrdersTest" time="5.882">
    <error message="class io.restassured.path.xml.XmlPath cannot be cast to class java.lang.String (io.restassured.path.xml.XmlPath is in unnamed module of loader &apos;app&apos;; java.lang.String is in module java.base of loader &apos;bootstrap&apos;)" type="java.lang.ClassCastException">java.lang.ClassCastException: class io.restassured.path.xml.XmlPath cannot be cast to class java.lang.String (io.restassured.path.xml.XmlPath is in unnamed module of loader 'app'; java.lang.String is in module java.base of loader 'bootstrap')
	at praktikum.orderTests.GetOrdersTest.setUp(GetOrdersTest.java:31)
</error>
    <system-out><![CDATA[Request method:	POST
Request URI:	https://stellarburgers.nomoreparties.site/api/auth/register
Proxy:			<none>
Request params:	<none>
Query params:	<none>
Form params:	<none>
Path params:	<none>
Headers:		Accept=*/*
				Content-Type=application/json
Cookies:		<none>
Multiparts:		<none>
Body:
{
    "email": "h8z6xbxoQv@qwerty.com",
    "password": "qo91OubB5X",
    "name": "tqPlnoQIL"
}
Request method:	POST
Request URI:	https://stellarburgers.nomoreparties.site/api/auth/login
Proxy:			<none>
Request params:	<none>
Query params:	<none>
Form params:	<none>
Path params:	<none>
Headers:		Accept=*/*
				Content-Type=application/json
Cookies:		<none>
Multiparts:		<none>
Body:
{
    "email": "h8z6xbxoQv@qwerty.com",
    "password": "qo91OubB5X"
}
]]></system-out>
  </testcase>
  <testcase name="getAllOrders" classname="praktikum.orderTests.GetOrdersTest" time="5.883">
    <error message="Header value cannot be null" type="java.lang.IllegalArgumentException">java.lang.IllegalArgumentException: Header value cannot be null
	at praktikum.orderTests.GetOrdersTest.tearDown(GetOrdersTest.java:36)
</error>
  </testcase>
  <testcase name="getUnauthorizedUserOrders" classname="praktikum.orderTests.GetOrdersTest" time="1.628"/>
  <testcase name="getAuthorizedUserOrders" classname="praktikum.orderTests.GetOrdersTest" time="0.746">
    <error message="class io.restassured.path.xml.XmlPath cannot be cast to class java.lang.String (io.restassured.path.xml.XmlPath is in unnamed module of loader &apos;app&apos;; java.lang.String is in module java.base of loader &apos;bootstrap&apos;)" type="java.lang.ClassCastException">java.lang.ClassCastException: class io.restassured.path.xml.XmlPath cannot be cast to class java.lang.String (io.restassured.path.xml.XmlPath is in unnamed module of loader 'app'; java.lang.String is in module java.base of loader 'bootstrap')
	at praktikum.orderTests.GetOrdersTest.setUp(GetOrdersTest.java:31)
</error>
    <system-out><![CDATA[Request method:	POST
Request URI:	https://stellarburgers.nomoreparties.site/api/auth/register
Proxy:			<none>
Request params:	<none>
Query params:	<none>
Form params:	<none>
Path params:	<none>
Headers:		Accept=*/*
				Content-Type=application/json
Cookies:		<none>
Multiparts:		<none>
Body:
{
    "email": "eD63KypYBt@qwerty.com",
    "password": "VC5DBCDcgG",
    "name": "edWERknAm"
}
Request method:	POST
Request URI:	https://stellarburgers.nomoreparties.site/api/auth/login
Proxy:			<none>
Request params:	<none>
Query params:	<none>
Form params:	<none>
Path params:	<none>
Headers:		Accept=*/*
				Content-Type=application/json
Cookies:		<none>
Multiparts:		<none>
Body:
{
    "email": "eD63KypYBt@qwerty.com",
    "password": "VC5DBCDcgG"
}
]]></system-out>
  </testcase>
  <testcase name="getAuthorizedUserOrders" classname="praktikum.orderTests.GetOrdersTest" time="0.747">
    <error message="Header value cannot be null" type="java.lang.IllegalArgumentException">java.lang.IllegalArgumentException: Header value cannot be null
	at praktikum.orderTests.GetOrdersTest.tearDown(GetOrdersTest.java:36)
</error>
  </testcase>
</testsuite>